[0m01:53:19.000966 [debug] [MainThread]: Sending event: {'category': 'dbt', 'action': 'invocation', 'label': 'start', 'context': [<snowplow_tracker.self_describing_json.SelfDescribingJson object at 0x7f4a895007c0>, <snowplow_tracker.self_describing_json.SelfDescribingJson object at 0x7f4a886ee080>, <snowplow_tracker.self_describing_json.SelfDescribingJson object at 0x7f4a886ec0d0>]}


============================== 01:53:19.021885 | 1537ac65-29d2-41f8-88d9-1dc8f3c57f81 ==============================
[0m01:53:19.021885 [info ] [MainThread]: Running with dbt=1.9.2
[0m01:53:19.022456 [debug] [MainThread]: running dbt with arguments {'printer_width': '80', 'indirect_selection': 'eager', 'write_json': 'True', 'log_cache_events': 'False', 'partial_parse': 'True', 'cache_selected_only': 'False', 'profiles_dir': '/home/timosii/.dbt', 'fail_fast': 'False', 'warn_error': 'None', 'log_path': 'logs', 'version_check': 'True', 'debug': 'False', 'use_colors': 'True', 'use_experimental_parser': 'False', 'no_print': 'None', 'quiet': 'False', 'empty': 'None', 'warn_error_options': 'WarnErrorOptions(include=[], exclude=[])', 'invocation_command': 'dbt init', 'introspect': 'True', 'static_parser': 'True', 'target_path': 'None', 'log_format': 'default', 'send_anonymous_usage_stats': 'True'}
[0m01:53:19.048051 [warn ] [MainThread]: [ConfigFolderDirectory]: Unable to parse logging event dictionary. Failed to parse dir field: expected string or bytes-like object.. Dictionary: {'dir': PosixPath('/home/timosii/.dbt')}
[0m01:53:19.048473 [info ] [MainThread]: Creating dbt configuration folder at 
[0m01:53:41.822464 [debug] [MainThread]: Starter project path: /home/timosii/de_zoomcamp/.venv/lib/python3.10/site-packages/dbt/include/starter_project
[0m01:53:41.825187 [info ] [MainThread]: 
Your new dbt project "zoomcamp" was created!

For more information on how to configure the profiles.yml file,
please consult the dbt documentation here:

  https://docs.getdbt.com/docs/configure-your-profile

One more thing:

Need help? Don't hesitate to reach out to us via GitHub issues or on Slack:

  https://community.getdbt.com/

Happy modeling!

[0m01:53:41.825621 [info ] [MainThread]: Setting up your profile.
[0m01:55:18.010786 [info ] [MainThread]: Profile zoomcamp written to /home/timosii/.dbt/profiles.yml using target's profile_template.yml and your supplied values. Run 'dbt debug' to validate the connection.
[0m01:55:18.012731 [debug] [MainThread]: Resource report: {"command_name": "init", "command_success": true, "command_wall_clock_time": 119.07598, "process_in_blocks": "10408", "process_kernel_time": 0.160185, "process_mem_max_rss": "106772", "process_out_blocks": "21080", "process_user_time": 2.372754}
[0m01:55:18.013361 [debug] [MainThread]: Command `dbt init` succeeded at 01:55:18.013212 after 119.08 seconds
[0m01:55:18.013861 [debug] [MainThread]: Sending event: {'category': 'dbt', 'action': 'invocation', 'label': 'end', 'context': [<snowplow_tracker.self_describing_json.SelfDescribingJson object at 0x7f4a895007c0>, <snowplow_tracker.self_describing_json.SelfDescribingJson object at 0x7f4a88c74910>, <snowplow_tracker.self_describing_json.SelfDescribingJson object at 0x7f4a890b9150>]}
[0m01:55:18.014402 [debug] [MainThread]: Flushing usage events
[0m01:55:28.026514 [debug] [MainThread]: An error was encountered while trying to flush usage events
[0m01:55:42.138286 [debug] [MainThread]: Sending event: {'category': 'dbt', 'action': 'invocation', 'label': 'start', 'context': [<snowplow_tracker.self_describing_json.SelfDescribingJson object at 0x7f0b757b9330>, <snowplow_tracker.self_describing_json.SelfDescribingJson object at 0x7f0b74787910>, <snowplow_tracker.self_describing_json.SelfDescribingJson object at 0x7f0b74787880>]}


============================== 01:55:42.140691 | 6d890317-d69c-40c5-8bc4-bd3ab2abbee5 ==============================
[0m01:55:42.140691 [info ] [MainThread]: Running with dbt=1.9.2
[0m01:55:42.141300 [debug] [MainThread]: running dbt with arguments {'printer_width': '80', 'indirect_selection': 'eager', 'log_cache_events': 'False', 'write_json': 'True', 'partial_parse': 'True', 'cache_selected_only': 'False', 'warn_error': 'None', 'version_check': 'True', 'profiles_dir': '/home/timosii/.dbt', 'log_path': 'logs', 'fail_fast': 'False', 'debug': 'False', 'use_colors': 'True', 'use_experimental_parser': 'False', 'no_print': 'None', 'quiet': 'False', 'empty': 'None', 'log_format': 'default', 'static_parser': 'True', 'introspect': 'True', 'warn_error_options': 'WarnErrorOptions(include=[], exclude=[])', 'target_path': 'None', 'invocation_command': 'dbt debug', 'send_anonymous_usage_stats': 'True'}
[0m01:55:42.149537 [info ] [MainThread]: dbt version: 1.9.2
[0m01:55:42.149984 [info ] [MainThread]: python version: 3.10.12
[0m01:55:42.150427 [info ] [MainThread]: python path: /home/timosii/de_zoomcamp/.venv/bin/python
[0m01:55:42.150839 [info ] [MainThread]: os info: Linux-5.15.146.1-microsoft-standard-WSL2-x86_64-with-glibc2.35
[0m01:55:42.200508 [info ] [MainThread]: Using profiles dir at /home/timosii/.dbt
[0m01:55:42.200970 [info ] [MainThread]: Using profiles.yml file at /home/timosii/.dbt/profiles.yml
[0m01:55:42.201289 [info ] [MainThread]: Using dbt_project.yml file at /home/timosii/de_zoomcamp/dbt_project.yml
[0m01:55:42.202049 [info ] [MainThread]: adapter type: postgres
[0m01:55:42.202374 [info ] [MainThread]: adapter version: 1.9.0
[0m01:55:42.202704 [info ] [MainThread]: Configuration:
[0m01:55:42.203007 [info ] [MainThread]:   profiles.yml file [[32mOK found and valid[0m]
[0m01:55:42.203323 [info ] [MainThread]:   dbt_project.yml file [[31mERROR not found[0m]
[0m01:55:42.203633 [info ] [MainThread]: Required dependencies:
[0m01:55:42.204052 [debug] [MainThread]: Executing "git --help"
[0m01:55:42.205544 [debug] [MainThread]: STDOUT: "b"usage: git [--version] [--help] [-C <path>] [-c <name>=<value>]\n           [--exec-path[=<path>]] [--html-path] [--man-path] [--info-path]\n           [-p | --paginate | -P | --no-pager] [--no-replace-objects] [--bare]\n           [--git-dir=<path>] [--work-tree=<path>] [--namespace=<name>]\n           [--super-prefix=<path>] [--config-env=<name>=<envvar>]\n           <command> [<args>]\n\nThese are common Git commands used in various situations:\n\nstart a working area (see also: git help tutorial)\n   clone     Clone a repository into a new directory\n   init      Create an empty Git repository or reinitialize an existing one\n\nwork on the current change (see also: git help everyday)\n   add       Add file contents to the index\n   mv        Move or rename a file, a directory, or a symlink\n   restore   Restore working tree files\n   rm        Remove files from the working tree and from the index\n\nexamine the history and state (see also: git help revisions)\n   bisect    Use binary search to find the commit that introduced a bug\n   diff      Show changes between commits, commit and working tree, etc\n   grep      Print lines matching a pattern\n   log       Show commit logs\n   show      Show various types of objects\n   status    Show the working tree status\n\ngrow, mark and tweak your common history\n   branch    List, create, or delete branches\n   commit    Record changes to the repository\n   merge     Join two or more development histories together\n   rebase    Reapply commits on top of another base tip\n   reset     Reset current HEAD to the specified state\n   switch    Switch branches\n   tag       Create, list, delete or verify a tag object signed with GPG\n\ncollaborate (see also: git help workflows)\n   fetch     Download objects and refs from another repository\n   pull      Fetch from and integrate with another repository or a local branch\n   push      Update remote refs along with associated objects\n\n'git help -a' and 'git help -g' list available subcommands and some\nconcept guides. See 'git help <command>' or 'git help <concept>'\nto read about a specific subcommand or concept.\nSee 'git help git' for an overview of the system.\n""
[0m01:55:42.206042 [debug] [MainThread]: STDERR: "b''"
[0m01:55:42.206315 [info ] [MainThread]:  - git [[32mOK found[0m]

[0m01:55:42.206730 [info ] [MainThread]: Connection:
[0m01:55:42.207087 [info ] [MainThread]:   host: 0.0.0.0
[0m01:55:42.207441 [info ] [MainThread]:   port: 5432
[0m01:55:42.207789 [info ] [MainThread]:   user: postgres
[0m01:55:42.208141 [info ] [MainThread]:   database: postgres-zoomcamp
[0m01:55:42.208494 [info ] [MainThread]:   schema: public
[0m01:55:42.208851 [info ] [MainThread]:   connect_timeout: 10
[0m01:55:42.209175 [info ] [MainThread]:   role: None
[0m01:55:42.209510 [info ] [MainThread]:   search_path: None
[0m01:55:42.209822 [info ] [MainThread]:   keepalives_idle: 0
[0m01:55:42.210124 [info ] [MainThread]:   sslmode: None
[0m01:55:42.210422 [info ] [MainThread]:   sslcert: None
[0m01:55:42.210730 [info ] [MainThread]:   sslkey: None
[0m01:55:42.211028 [info ] [MainThread]:   sslrootcert: None
[0m01:55:42.211325 [info ] [MainThread]:   application_name: dbt
[0m01:55:42.211622 [info ] [MainThread]:   retries: 1
[0m01:55:42.212066 [info ] [MainThread]: Registered adapter: postgres=1.9.0
[0m01:55:42.484434 [debug] [MainThread]: Acquiring new postgres connection 'debug'
[0m01:55:42.542845 [debug] [MainThread]: Using postgres connection "debug"
[0m01:55:42.543239 [debug] [MainThread]: On debug: select 1 as id
[0m01:55:42.543524 [debug] [MainThread]: Opening a new connection, currently in state init
[0m01:55:42.554138 [debug] [MainThread]: SQL status: SELECT 1 in 0.011 seconds
[0m01:55:42.554990 [debug] [MainThread]: On debug: Close
[0m01:55:42.555381 [info ] [MainThread]:   Connection test: [[32mOK connection ok[0m]

[0m01:55:42.555772 [info ] [MainThread]: [31m1 check failed:[0m
[0m01:55:42.556152 [info ] [MainThread]: Project loading failed for the following reason:
 project path </home/timosii/de_zoomcamp/dbt_project.yml> not found

[0m01:55:42.557074 [debug] [MainThread]: Resource report: {"command_name": "debug", "command_success": false, "command_wall_clock_time": 0.4821709, "process_in_blocks": "744", "process_kernel_time": 0.090366, "process_mem_max_rss": "108376", "process_out_blocks": "264", "process_user_time": 1.646672}
[0m01:55:42.557520 [debug] [MainThread]: Command `dbt debug` failed at 01:55:42.557420 after 0.48 seconds
[0m01:55:42.557864 [debug] [MainThread]: Connection 'debug' was properly closed.
[0m01:55:42.558183 [debug] [MainThread]: Sending event: {'category': 'dbt', 'action': 'invocation', 'label': 'end', 'context': [<snowplow_tracker.self_describing_json.SelfDescribingJson object at 0x7f0b757b9330>, <snowplow_tracker.self_describing_json.SelfDescribingJson object at 0x7f0b747ebaf0>, <snowplow_tracker.self_describing_json.SelfDescribingJson object at 0x7f0b73521030>]}
[0m01:55:42.558579 [debug] [MainThread]: Flushing usage events
[0m01:55:52.570855 [debug] [MainThread]: An error was encountered while trying to flush usage events
[0m01:56:31.250875 [debug] [MainThread]: Sending event: {'category': 'dbt', 'action': 'invocation', 'label': 'start', 'context': [<snowplow_tracker.self_describing_json.SelfDescribingJson object at 0x7fbd3ef85240>, <snowplow_tracker.self_describing_json.SelfDescribingJson object at 0x7fbd3df538b0>, <snowplow_tracker.self_describing_json.SelfDescribingJson object at 0x7fbd3df53850>]}


============================== 01:56:31.253008 | 903cc428-3d6b-4c47-b96f-bf24b9ec6160 ==============================
[0m01:56:31.253008 [info ] [MainThread]: Running with dbt=1.9.2
[0m01:56:31.253574 [debug] [MainThread]: running dbt with arguments {'printer_width': '80', 'indirect_selection': 'eager', 'log_cache_events': 'False', 'write_json': 'True', 'partial_parse': 'True', 'cache_selected_only': 'False', 'warn_error': 'None', 'fail_fast': 'False', 'version_check': 'True', 'log_path': 'logs', 'profiles_dir': '/home/timosii/.dbt', 'debug': 'False', 'use_colors': 'True', 'use_experimental_parser': 'False', 'empty': 'None', 'quiet': 'False', 'no_print': 'None', 'log_format': 'default', 'invocation_command': 'dbt debug', 'warn_error_options': 'WarnErrorOptions(include=[], exclude=[])', 'introspect': 'True', 'target_path': 'None', 'static_parser': 'True', 'send_anonymous_usage_stats': 'True'}
[0m01:56:31.259987 [info ] [MainThread]: dbt version: 1.9.2
[0m01:56:31.260474 [info ] [MainThread]: python version: 3.10.12
[0m01:56:31.261017 [info ] [MainThread]: python path: /home/timosii/de_zoomcamp/.venv/bin/python
[0m01:56:31.261505 [info ] [MainThread]: os info: Linux-5.15.146.1-microsoft-standard-WSL2-x86_64-with-glibc2.35
[0m01:56:31.313145 [info ] [MainThread]: Using profiles dir at /home/timosii/.dbt
[0m01:56:31.313589 [info ] [MainThread]: Using profiles.yml file at /home/timosii/.dbt/profiles.yml
[0m01:56:31.313906 [info ] [MainThread]: Using dbt_project.yml file at /home/timosii/de_zoomcamp/dbt_project.yml
[0m01:56:31.314499 [info ] [MainThread]: adapter type: postgres
[0m01:56:31.314816 [info ] [MainThread]: adapter version: 1.9.0
[0m01:56:31.315155 [info ] [MainThread]: Configuration:
[0m01:56:31.315468 [info ] [MainThread]:   profiles.yml file [[32mOK found and valid[0m]
[0m01:56:31.315868 [info ] [MainThread]:   dbt_project.yml file [[31mERROR not found[0m]
[0m01:56:31.316217 [info ] [MainThread]: Required dependencies:
[0m01:56:31.316612 [debug] [MainThread]: Executing "git --help"
[0m01:56:31.318094 [debug] [MainThread]: STDOUT: "b"usage: git [--version] [--help] [-C <path>] [-c <name>=<value>]\n           [--exec-path[=<path>]] [--html-path] [--man-path] [--info-path]\n           [-p | --paginate | -P | --no-pager] [--no-replace-objects] [--bare]\n           [--git-dir=<path>] [--work-tree=<path>] [--namespace=<name>]\n           [--super-prefix=<path>] [--config-env=<name>=<envvar>]\n           <command> [<args>]\n\nThese are common Git commands used in various situations:\n\nstart a working area (see also: git help tutorial)\n   clone     Clone a repository into a new directory\n   init      Create an empty Git repository or reinitialize an existing one\n\nwork on the current change (see also: git help everyday)\n   add       Add file contents to the index\n   mv        Move or rename a file, a directory, or a symlink\n   restore   Restore working tree files\n   rm        Remove files from the working tree and from the index\n\nexamine the history and state (see also: git help revisions)\n   bisect    Use binary search to find the commit that introduced a bug\n   diff      Show changes between commits, commit and working tree, etc\n   grep      Print lines matching a pattern\n   log       Show commit logs\n   show      Show various types of objects\n   status    Show the working tree status\n\ngrow, mark and tweak your common history\n   branch    List, create, or delete branches\n   commit    Record changes to the repository\n   merge     Join two or more development histories together\n   rebase    Reapply commits on top of another base tip\n   reset     Reset current HEAD to the specified state\n   switch    Switch branches\n   tag       Create, list, delete or verify a tag object signed with GPG\n\ncollaborate (see also: git help workflows)\n   fetch     Download objects and refs from another repository\n   pull      Fetch from and integrate with another repository or a local branch\n   push      Update remote refs along with associated objects\n\n'git help -a' and 'git help -g' list available subcommands and some\nconcept guides. See 'git help <command>' or 'git help <concept>'\nto read about a specific subcommand or concept.\nSee 'git help git' for an overview of the system.\n""
[0m01:56:31.318422 [debug] [MainThread]: STDERR: "b''"
[0m01:56:31.318686 [info ] [MainThread]:  - git [[32mOK found[0m]

[0m01:56:31.319076 [info ] [MainThread]: Connection:
[0m01:56:31.319486 [info ] [MainThread]:   host: 0.0.0.0
[0m01:56:31.319838 [info ] [MainThread]:   port: 5432
[0m01:56:31.320251 [info ] [MainThread]:   user: postgres
[0m01:56:31.320575 [info ] [MainThread]:   database: postgres-zoomcamp
[0m01:56:31.320878 [info ] [MainThread]:   schema: public
[0m01:56:31.321202 [info ] [MainThread]:   connect_timeout: 10
[0m01:56:31.321499 [info ] [MainThread]:   role: None
[0m01:56:31.321820 [info ] [MainThread]:   search_path: None
[0m01:56:31.322147 [info ] [MainThread]:   keepalives_idle: 0
[0m01:56:31.322447 [info ] [MainThread]:   sslmode: None
[0m01:56:31.322769 [info ] [MainThread]:   sslcert: None
[0m01:56:31.323084 [info ] [MainThread]:   sslkey: None
[0m01:56:31.323389 [info ] [MainThread]:   sslrootcert: None
[0m01:56:31.323707 [info ] [MainThread]:   application_name: dbt
[0m01:56:31.324011 [info ] [MainThread]:   retries: 1
[0m01:56:31.324509 [info ] [MainThread]: Registered adapter: postgres=1.9.0
[0m01:56:31.372478 [debug] [MainThread]: Acquiring new postgres connection 'debug'
[0m01:56:31.390313 [debug] [MainThread]: Using postgres connection "debug"
[0m01:56:31.390895 [debug] [MainThread]: On debug: select 1 as id
[0m01:56:31.391359 [debug] [MainThread]: Opening a new connection, currently in state init
[0m01:56:31.399636 [debug] [MainThread]: SQL status: SELECT 1 in 0.008 seconds
[0m01:56:31.400641 [debug] [MainThread]: On debug: Close
[0m01:56:31.401082 [info ] [MainThread]:   Connection test: [[32mOK connection ok[0m]

[0m01:56:31.401502 [info ] [MainThread]: [31m1 check failed:[0m
[0m01:56:31.402004 [info ] [MainThread]: Project loading failed for the following reason:
 project path </home/timosii/de_zoomcamp/dbt_project.yml> not found

[0m01:56:31.402985 [debug] [MainThread]: Resource report: {"command_name": "debug", "command_success": false, "command_wall_clock_time": 0.21664457, "process_in_blocks": "0", "process_kernel_time": 0.040587, "process_mem_max_rss": "106028", "process_out_blocks": "24", "process_user_time": 1.633655}
[0m01:56:31.403424 [debug] [MainThread]: Command `dbt debug` failed at 01:56:31.403298 after 0.22 seconds
[0m01:56:31.403756 [debug] [MainThread]: Connection 'debug' was properly closed.
[0m01:56:31.404106 [debug] [MainThread]: Sending event: {'category': 'dbt', 'action': 'invocation', 'label': 'end', 'context': [<snowplow_tracker.self_describing_json.SelfDescribingJson object at 0x7fbd3ef85240>, <snowplow_tracker.self_describing_json.SelfDescribingJson object at 0x7fbd3df537f0>, <snowplow_tracker.self_describing_json.SelfDescribingJson object at 0x7fbd3dedc370>]}
[0m01:56:31.404497 [debug] [MainThread]: Flushing usage events
[0m14:45:05.841397 [debug] [MainThread]: Sending event: {'category': 'dbt', 'action': 'invocation', 'label': 'start', 'context': [<snowplow_tracker.self_describing_json.SelfDescribingJson object at 0x7f3bc9bbd330>, <snowplow_tracker.self_describing_json.SelfDescribingJson object at 0x7f3bc8b8ba90>, <snowplow_tracker.self_describing_json.SelfDescribingJson object at 0x7f3bc8b8ba30>]}


============================== 14:45:05.844475 | e0b528d4-3f9b-45d9-8c19-569c1b033634 ==============================
[0m14:45:05.844475 [info ] [MainThread]: Running with dbt=1.9.2
[0m14:45:05.844939 [debug] [MainThread]: running dbt with arguments {'printer_width': '80', 'indirect_selection': 'eager', 'write_json': 'True', 'log_cache_events': 'False', 'partial_parse': 'True', 'cache_selected_only': 'False', 'warn_error': 'None', 'debug': 'False', 'version_check': 'True', 'log_path': 'logs', 'fail_fast': 'False', 'profiles_dir': '/home/timosii/.dbt', 'use_colors': 'True', 'use_experimental_parser': 'False', 'empty': 'False', 'quiet': 'False', 'no_print': 'None', 'warn_error_options': 'WarnErrorOptions(include=[], exclude=[])', 'introspect': 'True', 'static_parser': 'True', 'invocation_command': 'dbt run', 'target_path': 'None', 'log_format': 'default', 'send_anonymous_usage_stats': 'True'}
[0m14:45:05.845376 [error] [MainThread]: Encountered an error:
Runtime Error
  No dbt_project.yml found at expected path /home/timosii/de_zoomcamp/dbt_project.yml
  Verify that each entry within packages.yml (and their transitive dependencies) contains a file named dbt_project.yml
  
[0m14:45:05.846078 [debug] [MainThread]: Resource report: {"command_name": "run", "command_success": false, "command_wall_clock_time": 0.0675701, "process_in_blocks": "40048", "process_kernel_time": 0.053601, "process_mem_max_rss": "91752", "process_out_blocks": "8", "process_user_time": 1.114912}
[0m14:45:05.846484 [debug] [MainThread]: Command `dbt run` failed at 14:45:05.846378 after 0.07 seconds
[0m14:45:05.846814 [debug] [MainThread]: Sending event: {'category': 'dbt', 'action': 'invocation', 'label': 'end', 'context': [<snowplow_tracker.self_describing_json.SelfDescribingJson object at 0x7f3bc9bbd330>, <snowplow_tracker.self_describing_json.SelfDescribingJson object at 0x7f3bc8b8b640>, <snowplow_tracker.self_describing_json.SelfDescribingJson object at 0x7f3bc8b8ba90>]}
[0m14:45:05.847146 [debug] [MainThread]: Flushing usage events
[0m14:45:06.432793 [debug] [MainThread]: An error was encountered while trying to flush usage events
